<?xml version="1.0" encoding="UTF-8"?>
<testsuites name="Sample" time="9" tests="1" failures="0" errors="0">
   <testsuite name="Sample" tests="1" failures="0" errors="0" time="9" timestamp="2018-03-09 09:04:54" hostname="bulinskim - CKHDHM2.gbcc.local" id="Test Suites/Sample">
      <properties>
         <property name="deviceName" value=""/>
         <property name="devicePlatform" value=""/>
         <property name="logFolder" value="C:\\Users\\bulinskim\\git\\Katalon Demo\\Reports\\Sample\\20180309_090452"/>
         <property name="logFiles" value="C:\\Users\\bulinskim\\git\\Katalon Demo\\Reports\\Sample\\20180309_090452\\execution0.log"/>
         <property name="attachments" value=""/>
         <property name="hostName" value="bulinskim - CKHDHM2.gbcc.local"/>
         <property name="os" value="Windows 10 64bit"/>
         <property name="katalonVersion" value="5.3.1.1"/>
         <property name="browser" value="Chrome 65.0.3325.146"/>
         <property name="hostAddress" value="10.95.99.206"/>
         <property name="sessionId" value="0adac07b0f85e216c61081b63caafde5"/>
         <property name="seleniumVersion" value="3.7.1"/>
         <property name="proxyInformation" value="ProxyInformation{proxyOption=NO_PROXY, proxyServerType=HTTP, password=, proxyServerAddress=, proxyServerPort=0}"/>
         <property name="platform" value="Windows 10"/>
      </properties>
      <testcase name="Test Cases/Sample/link_check" classname="Test Cases/Sample/link_check" status="PASSED">
         <system-out><![CDATA[2018-03-09 09:04:54 - [TEST_CASE][PASSED] - Test Cases/Sample/link_check: Test Cases/Sample/link_check

2018-03-09 09:04:55 - [TEST_STEP][PASSED] - openBrowser: Browser is opened with url: ''

2018-03-09 09:04:58 - [MESSAGE][PASSED] - Browser is opened with url: ''

2018-03-09 09:04:58 - [TEST_STEP][PASSED] - navigateToUrl: Navigate to 'https://www.google.com/search?q=snp+poland&oq=snp+poland&aqs=chrome..69i57.2067j0j4&sourceid=chrome&ie=UTF-8' successfully

2018-03-09 09:04:59 - [MESSAGE][PASSED] - Navigate to 'https://www.google.com/search?q=snp+poland&oq=snp+poland&aqs=chrome..69i57.2067j0j4&sourceid=chrome&ie=UTF-8' successfully

2018-03-09 09:04:59 - [TEST_STEP][PASSED] - click: Object: 'Object Repository/Sample/a_SNP Poland  SAP Experts IT o' is clicked on

2018-03-09 09:05:02 - [MESSAGE][PASSED] - Object: 'Object Repository/Sample/a_SNP Poland  SAP Experts IT o' is clicked on

2018-03-09 09:05:02 - [TEST_STEP][PASSED] - verifyLinksAccessible: All links are accessible

2018-03-09 09:05:03 - [MESSAGE][PASSED] - Send request successfully

2018-03-09 09:05:03 - [MESSAGE][PASSED] - All links are accessible

2018-03-09 09:05:03 - [TEST_STEP][PASSED] - closeBrowser: Browser is closed

2018-03-09 09:05:03 - [MESSAGE][PASSED] - Browser is closed]]></system-out>
         <system-err><![CDATA[]]></system-err>
      </testcase>
      <system-out><![CDATA[2018-03-09 09:04:54 - [TEST_SUITE][PASSED] - Sample: Test Cases/Sample/link_check]]></system-out>
      <system-err><![CDATA[]]></system-err>
   </testsuite>
</testsuites>
