<?xml version="1.0" encoding="UTF-8"?>
<testsuites name="Sample" time="6" tests="0" failures="1" errors="0">
   <testsuite name="Sample" tests="0" failures="1" errors="0" time="6" timestamp="2018-03-09 09:00:38" hostname="bulinskim - CKHDHM2.gbcc.local" id="Test Suites/Sample">
      <properties>
         <property name="deviceName" value=""/>
         <property name="devicePlatform" value=""/>
         <property name="logFolder" value="C:\\Users\\bulinskim\\git\\Katalon Demo\\Reports\\Sample\\20180309_090036"/>
         <property name="logFiles" value="C:\\Users\\bulinskim\\git\\Katalon Demo\\Reports\\Sample\\20180309_090036\\execution0.log"/>
         <property name="attachments" value="C:\\Users\\bulinskim\\git\\Katalon Demo\\Reports\\Sample\\20180309_090036\\1520582443613.png"/>
         <property name="hostName" value="bulinskim - CKHDHM2.gbcc.local"/>
         <property name="os" value="Windows 10 64bit"/>
         <property name="katalonVersion" value="5.3.1.1"/>
         <property name="browser" value="Chrome 65.0.3325.146"/>
         <property name="hostAddress" value="10.95.99.206"/>
         <property name="sessionId" value="1c10d88a8b913eb82037e4f8126aca53"/>
         <property name="seleniumVersion" value="3.7.1"/>
         <property name="proxyInformation" value="ProxyInformation{proxyOption=NO_PROXY, proxyServerType=HTTP, password=, proxyServerAddress=, proxyServerPort=0}"/>
         <property name="platform" value="Windows 10"/>
      </properties>
      <testcase name="Test Cases/Sample/link_check" classname="Test Cases/Sample/link_check" status="FAILED">
         <failure type="FAILED" message="Unable to click on object (Root cause: java.lang.IllegalArgumentException: Object is null)"/>
         <system-out><![CDATA[2018-03-09 09:00:38 - [TEST_CASE][FAILED] - Test Cases/Sample/link_check: Test Cases/Sample/link_check FAILED because (of) Unable to click on object (Root cause: java.lang.IllegalArgumentException: Object is null)

2018-03-09 09:00:39 - [TEST_STEP][PASSED] - openBrowser: Browser is opened with url: ''

2018-03-09 09:00:42 - [MESSAGE][PASSED] - Browser is opened with url: ''

2018-03-09 09:00:42 - [TEST_STEP][PASSED] - navigateToUrl: Navigate to 'https://www.google.com/search?q=snp+poland&oq=snp+poland&aqs=chrome..69i57.2067j0j4&sourceid=chrome&ie=UTF-8' successfully

2018-03-09 09:00:43 - [MESSAGE][PASSED] - Navigate to 'https://www.google.com/search?q=snp+poland&oq=snp+poland&aqs=chrome..69i57.2067j0j4&sourceid=chrome&ie=UTF-8' successfully

2018-03-09 09:00:43 - [TEST_STEP][FAILED] - click: Unable to click on object (Root cause: java.lang.IllegalArgumentException: Object is null)

2018-03-09 09:00:43 - [MESSAGE][WARNING] - Test object with id 'Object Repository/Sample/a_SNP Poland  SAP Experts IT o' does not exist

2018-03-09 09:00:43 - [MESSAGE][WARNING] - Test object with id 'Object Repository/' does not exist

2018-03-09 09:00:43 - [MESSAGE][FAILED] - Unable to click on object (Root cause: java.lang.IllegalArgumentException: Object is null)
[[ATTACHMENT|C:\\Users\\bulinskim\\git\\Katalon Demo\\Reports\\Sample\\20180309_090036\\1520582443613.png]]]]></system-out>
         <system-err><![CDATA[2018-03-09 09:00:38 - [TEST_CASE][FAILED] - Test Cases/Sample/link_check: Test Cases/Sample/link_check FAILED because (of) Unable to click on object (Root cause: java.lang.IllegalArgumentException: Object is null)]]></system-err>
      </testcase>
      <system-out><![CDATA[2018-03-09 09:00:38 - [TEST_SUITE][FAILED] - Sample: Test Cases/Sample/link_check FAILED because (of) Unable to click on object (Root cause: java.lang.IllegalArgumentException: Object is null)]]></system-out>
      <system-err><![CDATA[2018-03-09 09:00:38 - [TEST_SUITE][FAILED] - Sample: Test Cases/Sample/link_check FAILED because (of) Unable to click on object (Root cause: java.lang.IllegalArgumentException: Object is null)]]></system-err>
   </testsuite>
</testsuites>
